<?xml version="1.0" encoding="UTF-8"?>
<!-- Generated by org.testng.reporters.JUnitXMLReporter -->
<testsuite ignored="0" hostname="DESKTOP-6KCCC2T" failures="0" tests="8" name="Default test" time="333.602" errors="0" timestamp="2023-11-01T22:31:10 IST">
  <testcase classname="com.avactisstore.testcases.EndToEndTest" name="DeleteCustomers" time="41.996"/>
  <testcase classname="com.avactisstore.testcases.EndToEndTest" name="GoToRegisterNewAccount" time="22.306"/>
  <testcase classname="com.avactisstore.testcases.EndToEndTest" name="GoToRegisterNewAccount" time="21.058"/>
  <testcase classname="com.avactisstore.testcases.EndToEndTest" name="GoToRegisterNewAccount" time="22.045"/>
  <testcase classname="com.avactisstore.testcases.EndToEndTest" name="checkOutUsingUrls" time="46.589"/>
  <testcase classname="com.avactisstore.testcases.EndToEndTest" name="checkOutUsingUrls" time="48.611"/>
  <testcase classname="com.avactisstore.testcases.EndToEndTest" name="checkOutUsingUrls" time="44.779"/>
  <testcase classname="com.avactisstore.testcases.EndToEndTest" name="verifyOrderDetails" time="41.065"/>
</testsuite> <!-- Default test -->
