<?xml version="1.0" encoding="UTF-8"?>
<!-- Generated by org.testng.reporters.JUnitXMLReporter -->
<testsuite ignored="0" hostname="DESKTOP-6KCCC2T" failures="0" tests="8" name="Test" time="208.346" errors="0" timestamp="2023-11-03T20:54:20 IST">
  <testcase classname="com.avactisstore.testcases.EndToEndTest" name="DeleteCustomers" time="15.727"/>
  <testcase classname="com.avactisstore.testcases.EndToEndTest" name="GoToRegisterNewAccount" time="15.935"/>
  <testcase classname="com.avactisstore.testcases.EndToEndTest" name="GoToRegisterNewAccount" time="15.008"/>
  <testcase classname="com.avactisstore.testcases.EndToEndTest" name="GoToRegisterNewAccount" time="14.891"/>
  <testcase classname="com.avactisstore.testcases.EndToEndTest" name="checkOutUsingUrls" time="32.496"/>
  <testcase classname="com.avactisstore.testcases.EndToEndTest" name="checkOutUsingUrls" time="32.108"/>
  <testcase classname="com.avactisstore.testcases.EndToEndTest" name="checkOutUsingUrls" time="31.002"/>
  <testcase classname="com.avactisstore.testcases.EndToEndTest" name="verifyOrderDetails" time="10.203"/>
</testsuite> <!-- Test -->
