<?xml version="1.0" encoding="UTF-8"?>
<testng-results ignored="0" total="8" passed="8" failed="0" skipped="0">
  <reporter-output>
  </reporter-output>
  <suite started-at="2023-11-03T20:50:52 IST" name="Suite" finished-at="2023-11-03T20:54:20 IST" duration-ms="208346">
    <groups>
    </groups>
    <test started-at="2023-11-03T20:50:52 IST" name="Test" finished-at="2023-11-03T20:54:20 IST" duration-ms="208346">
      <class name="com.avactisstore.testcases.EndToEndTest">
        <test-method is-config="true" signature="loadconfig()[pri:0, instance:com.avactisstore.testcases.EndToEndTest@79e2c065]" started-at="2023-11-03T20:50:52 IST" name="loadconfig" finished-at="2023-11-03T20:50:52 IST" duration-ms="273" status="PASS">
          <reporter-output>
          </reporter-output>
        </test-method> <!-- loadconfig -->
        <test-method is-config="true" signature="setup()[pri:0, instance:com.avactisstore.testcases.EndToEndTest@79e2c065]" started-at="2023-11-03T20:50:52 IST" name="setup" finished-at="2023-11-03T20:50:59 IST" duration-ms="6933" status="PASS">
          <reporter-output>
          </reporter-output>
        </test-method> <!-- setup -->
        <test-method signature="DeleteCustomers()[pri:0, instance:com.avactisstore.testcases.EndToEndTest@79e2c065]" started-at="2023-11-03T20:50:59 IST" name="DeleteCustomers" finished-at="2023-11-03T20:51:15 IST" duration-ms="15727" status="PASS">
          <reporter-output>
          </reporter-output>
        </test-method> <!-- DeleteCustomers -->
        <test-method is-config="true" signature="tearDown()[pri:0, instance:com.avactisstore.testcases.EndToEndTest@79e2c065]" started-at="2023-11-03T20:51:15 IST" name="tearDown" finished-at="2023-11-03T20:51:15 IST" duration-ms="180" status="PASS">
          <reporter-output>
          </reporter-output>
        </test-method> <!-- tearDown -->
        <test-method is-config="true" signature="setup()[pri:0, instance:com.avactisstore.testcases.EndToEndTest@79e2c065]" started-at="2023-11-03T20:51:16 IST" name="setup" finished-at="2023-11-03T20:51:27 IST" duration-ms="10421" status="PASS">
          <reporter-output>
          </reporter-output>
        </test-method> <!-- setup -->
        <test-method signature="GoToRegisterNewAccount(java.lang.String,java.lang.String,java.lang.String,java.lang.String,java.lang.String,java.lang.String,java.lang.String,java.lang.String,java.lang.String,java.lang.String)[pri:0, instance:com.avactisstore.testcases.EndToEndTest@79e2c065]" started-at="2023-11-03T20:51:27 IST" name="GoToRegisterNewAccount" data-provider="RegistrationData" finished-at="2023-11-03T20:51:43 IST" duration-ms="15935" status="PASS">
          <params>
            <param index="0">
              <value>
                <![CDATA[pvc123@gmail.com]]>
              </value>
            </param>
            <param index="1">
              <value>
                <![CDATA[123]]>
              </value>
            </param>
            <param index="2">
              <value>
                <![CDATA[123]]>
              </value>
            </param>
            <param index="3">
              <value>
                <![CDATA[priya]]>
              </value>
            </param>
            <param index="4">
              <value>
                <![CDATA[Test]]>
              </value>
            </param>
            <param index="5">
              <value>
                <![CDATA[1234]]>
              </value>
            </param>
            <param index="6">
              <value>
                <![CDATA[Mumbai]]>
              </value>
            </param>
            <param index="7">
              <value>
                <![CDATA[MG Road]]>
              </value>
            </param>
            <param index="8">
              <value>
                <![CDATA[AGC College]]>
              </value>
            </param>
            <param index="9">
              <value>
                <![CDATA[1234567890]]>
              </value>
            </param>
          </params>
          <reporter-output>
          </reporter-output>
        </test-method> <!-- GoToRegisterNewAccount -->
        <test-method is-config="true" signature="tearDown()[pri:0, instance:com.avactisstore.testcases.EndToEndTest@79e2c065]" started-at="2023-11-03T20:51:43 IST" name="tearDown" finished-at="2023-11-03T20:51:43 IST" duration-ms="181" status="PASS">
          <reporter-output>
          </reporter-output>
        </test-method> <!-- tearDown -->
        <test-method is-config="true" signature="setup()[pri:0, instance:com.avactisstore.testcases.EndToEndTest@79e2c065]" started-at="2023-11-03T20:51:43 IST" name="setup" finished-at="2023-11-03T20:51:46 IST" duration-ms="2741" status="PASS">
          <reporter-output>
          </reporter-output>
        </test-method> <!-- setup -->
        <test-method signature="GoToRegisterNewAccount(java.lang.String,java.lang.String,java.lang.String,java.lang.String,java.lang.String,java.lang.String,java.lang.String,java.lang.String,java.lang.String,java.lang.String)[pri:0, instance:com.avactisstore.testcases.EndToEndTest@79e2c065]" started-at="2023-11-03T20:51:46 IST" name="GoToRegisterNewAccount" data-provider="RegistrationData" finished-at="2023-11-03T20:52:01 IST" duration-ms="15008" status="PASS">
          <params>
            <param index="0">
              <value>
                <![CDATA[priya123@gmail.com]]>
              </value>
            </param>
            <param index="1">
              <value>
                <![CDATA[322]]>
              </value>
            </param>
            <param index="2">
              <value>
                <![CDATA[322]]>
              </value>
            </param>
            <param index="3">
              <value>
                <![CDATA[pvc]]>
              </value>
            </param>
            <param index="4">
              <value>
                <![CDATA[Testme]]>
              </value>
            </param>
            <param index="5">
              <value>
                <![CDATA[1234]]>
              </value>
            </param>
            <param index="6">
              <value>
                <![CDATA[Pune]]>
              </value>
            </param>
            <param index="7">
              <value>
                <![CDATA[MG ]]>
              </value>
            </param>
            <param index="8">
              <value>
                <![CDATA[AGC College]]>
              </value>
            </param>
            <param index="9">
              <value>
                <![CDATA[2034989123]]>
              </value>
            </param>
          </params>
          <reporter-output>
          </reporter-output>
        </test-method> <!-- GoToRegisterNewAccount -->
        <test-method is-config="true" signature="tearDown()[pri:0, instance:com.avactisstore.testcases.EndToEndTest@79e2c065]" started-at="2023-11-03T20:52:01 IST" name="tearDown" finished-at="2023-11-03T20:52:01 IST" duration-ms="184" status="PASS">
          <reporter-output>
          </reporter-output>
        </test-method> <!-- tearDown -->
        <test-method is-config="true" signature="setup()[pri:0, instance:com.avactisstore.testcases.EndToEndTest@79e2c065]" started-at="2023-11-03T20:52:01 IST" name="setup" finished-at="2023-11-03T20:52:04 IST" duration-ms="3590" status="PASS">
          <reporter-output>
          </reporter-output>
        </test-method> <!-- setup -->
        <test-method signature="GoToRegisterNewAccount(java.lang.String,java.lang.String,java.lang.String,java.lang.String,java.lang.String,java.lang.String,java.lang.String,java.lang.String,java.lang.String,java.lang.String)[pri:0, instance:com.avactisstore.testcases.EndToEndTest@79e2c065]" started-at="2023-11-03T20:52:04 IST" name="GoToRegisterNewAccount" data-provider="RegistrationData" finished-at="2023-11-03T20:52:19 IST" duration-ms="14891" status="PASS">
          <params>
            <param index="0">
              <value>
                <![CDATA[nvc123@gmail.com]]>
              </value>
            </param>
            <param index="1">
              <value>
                <![CDATA[321]]>
              </value>
            </param>
            <param index="2">
              <value>
                <![CDATA[321]]>
              </value>
            </param>
            <param index="3">
              <value>
                <![CDATA[nik]]>
              </value>
            </param>
            <param index="4">
              <value>
                <![CDATA[Testme]]>
              </value>
            </param>
            <param index="5">
              <value>
                <![CDATA[1236]]>
              </value>
            </param>
            <param index="6">
              <value>
                <![CDATA[goa]]>
              </value>
            </param>
            <param index="7">
              <value>
                <![CDATA[AGC College]]>
              </value>
            </param>
            <param index="8">
              <value>
                <![CDATA[mina]]>
              </value>
            </param>
            <param index="9">
              <value>
                <![CDATA[1234567809]]>
              </value>
            </param>
          </params>
          <reporter-output>
          </reporter-output>
        </test-method> <!-- GoToRegisterNewAccount -->
        <test-method is-config="true" signature="tearDown()[pri:0, instance:com.avactisstore.testcases.EndToEndTest@79e2c065]" started-at="2023-11-03T20:52:19 IST" name="tearDown" finished-at="2023-11-03T20:52:20 IST" duration-ms="195" status="PASS">
          <reporter-output>
          </reporter-output>
        </test-method> <!-- tearDown -->
        <test-method is-config="true" signature="setup()[pri:0, instance:com.avactisstore.testcases.EndToEndTest@79e2c065]" started-at="2023-11-03T20:52:20 IST" name="setup" finished-at="2023-11-03T20:52:23 IST" duration-ms="2451" status="PASS">
          <reporter-output>
          </reporter-output>
        </test-method> <!-- setup -->
        <test-method signature="checkOutUsingUrls(java.lang.String,java.lang.String,java.lang.String,java.lang.String,java.lang.String,java.lang.String,java.lang.String,java.lang.String,java.lang.String,java.lang.String,java.lang.String,java.lang.String,java.lang.String,java.lang.String,java.lang.String,java.lang.String,java.lang.String)[pri:0, instance:com.avactisstore.testcases.EndToEndTest@79e2c065]" started-at="2023-11-03T20:52:23 IST" name="checkOutUsingUrls" data-provider="ProductData1" finished-at="2023-11-03T20:52:55 IST" duration-ms="32496" status="PASS">
          <params>
            <param index="0">
              <value>
                <![CDATA[-pg1-]]>
              </value>
            </param>
            <param index="1">
              <value>
                <![CDATA[cid8]]>
              </value>
            </param>
            <param index="2">
              <value>
                <![CDATA[Computers]]>
              </value>
            </param>
            <param index="3">
              <value>
                <![CDATA[cid20]]>
              </value>
            </param>
            <param index="4">
              <value>
                <![CDATA[Notebooks]]>
              </value>
            </param>
            <param index="5">
              <value>
                <![CDATA[8]]>
              </value>
            </param>
            <param index="6">
              <value>
                <![CDATA[]]>
              </value>
            </param>
            <param index="7">
              <value>
                <![CDATA[]]>
              </value>
            </param>
            <param index="8">
              <value>
                <![CDATA[Apple MacBook Air]]>
              </value>
            </param>
            <param index="9">
              <value>
                <![CDATA[checkbox_shipping_same_as_billing]]>
              </value>
            </param>
            <param index="10">
              <value>
                <![CDATA[subscriptionTopics[Topics][1]]]>
              </value>
            </param>
            <param index="11">
              <value>
                <![CDATA[BCE5D24D-666C-43CA-94A0-D6F775903BE2_2]]>
              </value>
            </param>
            <param index="12">
              <value>
                <![CDATA[Apple MacBook Air]]>
              </value>
            </param>
            <param index="13">
              <value>
                <![CDATA[$1,799.00]]>
              </value>
            </param>
            <param index="14">
              <value>
                <![CDATA[$53.97]]>
              </value>
            </param>
            <param index="15">
              <value>
                <![CDATA[$1,852.97]]>
              </value>
            </param>
            <param index="16">
              <value>
                <![CDATA[3]]>
              </value>
            </param>
          </params>
          <reporter-output>
          </reporter-output>
        </test-method> <!-- checkOutUsingUrls -->
        <test-method is-config="true" signature="tearDown()[pri:0, instance:com.avactisstore.testcases.EndToEndTest@79e2c065]" started-at="2023-11-03T20:52:55 IST" name="tearDown" finished-at="2023-11-03T20:52:55 IST" duration-ms="181" status="PASS">
          <reporter-output>
          </reporter-output>
        </test-method> <!-- tearDown -->
        <test-method is-config="true" signature="setup()[pri:0, instance:com.avactisstore.testcases.EndToEndTest@79e2c065]" started-at="2023-11-03T20:52:55 IST" name="setup" finished-at="2023-11-03T20:52:59 IST" duration-ms="3645" status="PASS">
          <reporter-output>
          </reporter-output>
        </test-method> <!-- setup -->
        <test-method signature="checkOutUsingUrls(java.lang.String,java.lang.String,java.lang.String,java.lang.String,java.lang.String,java.lang.String,java.lang.String,java.lang.String,java.lang.String,java.lang.String,java.lang.String,java.lang.String,java.lang.String,java.lang.String,java.lang.String,java.lang.String,java.lang.String)[pri:0, instance:com.avactisstore.testcases.EndToEndTest@79e2c065]" started-at="2023-11-03T20:52:59 IST" name="checkOutUsingUrls" data-provider="ProductData1" finished-at="2023-11-03T20:53:31 IST" duration-ms="32108" status="PASS">
          <params>
            <param index="0">
              <value>
                <![CDATA[-pg1-]]>
              </value>
            </param>
            <param index="1">
              <value>
                <![CDATA[cid35]]>
              </value>
            </param>
            <param index="2">
              <value>
                <![CDATA[Computers]]>
              </value>
            </param>
            <param index="3">
              <value>
                <![CDATA[cid35]]>
              </value>
            </param>
            <param index="4">
              <value>
                <![CDATA[Apparel]]>
              </value>
            </param>
            <param index="5">
              <value>
                <![CDATA[36]]>
              </value>
            </param>
            <param index="6">
              <value>
                <![CDATA[55]]>
              </value>
            </param>
            <param index="7">
              <value>
                <![CDATA[2]]>
              </value>
            </param>
            <param index="8">
              <value>
                <![CDATA[Avactis T-Shirt]]>
              </value>
            </param>
            <param index="9">
              <value>
                <![CDATA[full_tax_exempt_status]]>
              </value>
            </param>
            <param index="10">
              <value>
                <![CDATA[subscriptionTopics[Topics][2]]]>
              </value>
            </param>
            <param index="11">
              <value>
                <![CDATA[BCE5D24D-666C-43CA-94A0-D6F775903BE2_1]]>
              </value>
            </param>
            <param index="12">
              <value>
                <![CDATA[Avactis T-Shirt]]>
              </value>
            </param>
            <param index="13">
              <value>
                <![CDATA[$31.98]]>
              </value>
            </param>
            <param index="14">
              <value>
                <![CDATA[$1.28]]>
              </value>
            </param>
            <param index="15">
              <value>
                <![CDATA[$33.26]]>
              </value>
            </param>
            <param index="16">
              <value>
                <![CDATA[4]]>
              </value>
            </param>
          </params>
          <reporter-output>
          </reporter-output>
        </test-method> <!-- checkOutUsingUrls -->
        <test-method is-config="true" signature="tearDown()[pri:0, instance:com.avactisstore.testcases.EndToEndTest@79e2c065]" started-at="2023-11-03T20:53:31 IST" name="tearDown" finished-at="2023-11-03T20:53:31 IST" duration-ms="175" status="PASS">
          <reporter-output>
          </reporter-output>
        </test-method> <!-- tearDown -->
        <test-method is-config="true" signature="setup()[pri:0, instance:com.avactisstore.testcases.EndToEndTest@79e2c065]" started-at="2023-11-03T20:53:31 IST" name="setup" finished-at="2023-11-03T20:53:35 IST" duration-ms="3862" status="PASS">
          <reporter-output>
          </reporter-output>
        </test-method> <!-- setup -->
        <test-method signature="checkOutUsingUrls(java.lang.String,java.lang.String,java.lang.String,java.lang.String,java.lang.String,java.lang.String,java.lang.String,java.lang.String,java.lang.String,java.lang.String,java.lang.String,java.lang.String,java.lang.String,java.lang.String,java.lang.String,java.lang.String,java.lang.String)[pri:0, instance:com.avactisstore.testcases.EndToEndTest@79e2c065]" started-at="2023-11-03T20:53:35 IST" name="checkOutUsingUrls" data-provider="ProductData1" finished-at="2023-11-03T20:54:06 IST" duration-ms="31002" status="PASS">
          <params>
            <param index="0">
              <value>
                <![CDATA[-pg1-]]>
              </value>
            </param>
            <param index="1">
              <value>
                <![CDATA[cid33]]>
              </value>
            </param>
            <param index="2">
              <value>
                <![CDATA[]]>
              </value>
            </param>
            <param index="3">
              <value>
                <![CDATA[cid33]]>
              </value>
            </param>
            <param index="4">
              <value>
                <![CDATA[Furniture]]>
              </value>
            </param>
            <param index="5">
              <value>
                <![CDATA[161]]>
              </value>
            </param>
            <param index="6">
              <value>
                <![CDATA[]]>
              </value>
            </param>
            <param index="7">
              <value>
                <![CDATA[]]>
              </value>
            </param>
            <param index="8">
              <value>
                <![CDATA[KARLSTAD modular sofa]]>
              </value>
            </param>
            <param index="9">
              <value>
                <![CDATA[checkbox_shipping_same_as_billing]]>
              </value>
            </param>
            <param index="10">
              <value>
                <![CDATA[subscriptionTopics[Topics][1]]]>
              </value>
            </param>
            <param index="11">
              <value>
                <![CDATA[BCE5D24D-666C-43CA-94A0-D6F775903BE2_3]]>
              </value>
            </param>
            <param index="12">
              <value>
                <![CDATA[KARLSTAD modular sofa]]>
              </value>
            </param>
            <param index="13">
              <value>
                <![CDATA[$828.00]]>
              </value>
            </param>
            <param index="14">
              <value>
                <![CDATA[$41.40]]>
              </value>
            </param>
            <param index="15">
              <value>
                <![CDATA[$869.40]]>
              </value>
            </param>
            <param index="16">
              <value>
                <![CDATA[3]]>
              </value>
            </param>
          </params>
          <reporter-output>
          </reporter-output>
        </test-method> <!-- checkOutUsingUrls -->
        <test-method is-config="true" signature="tearDown()[pri:0, instance:com.avactisstore.testcases.EndToEndTest@79e2c065]" started-at="2023-11-03T20:54:06 IST" name="tearDown" finished-at="2023-11-03T20:54:06 IST" duration-ms="192" status="PASS">
          <reporter-output>
          </reporter-output>
        </test-method> <!-- tearDown -->
        <test-method is-config="true" signature="setup()[pri:0, instance:com.avactisstore.testcases.EndToEndTest@79e2c065]" started-at="2023-11-03T20:54:06 IST" name="setup" finished-at="2023-11-03T20:54:10 IST" duration-ms="3600" status="PASS">
          <reporter-output>
          </reporter-output>
        </test-method> <!-- setup -->
        <test-method signature="verifyOrderDetails()[pri:0, instance:com.avactisstore.testcases.EndToEndTest@79e2c065]" started-at="2023-11-03T20:54:10 IST" name="verifyOrderDetails" finished-at="2023-11-03T20:54:20 IST" duration-ms="10203" status="PASS">
          <reporter-output>
          </reporter-output>
        </test-method> <!-- verifyOrderDetails -->
        <test-method is-config="true" signature="tearDown()[pri:0, instance:com.avactisstore.testcases.EndToEndTest@79e2c065]" started-at="2023-11-03T20:54:20 IST" name="tearDown" finished-at="2023-11-03T20:54:20 IST" duration-ms="187" status="PASS">
          <reporter-output>
          </reporter-output>
        </test-method> <!-- tearDown -->
        <test-method is-config="true" signature="afterSuite()[pri:0, instance:com.avactisstore.testcases.EndToEndTest@79e2c065]" started-at="2023-11-03T20:54:20 IST" name="afterSuite" finished-at="2023-11-03T20:54:20 IST" duration-ms="3" status="PASS">
          <reporter-output>
          </reporter-output>
        </test-method> <!-- afterSuite -->
      </class> <!-- com.avactisstore.testcases.EndToEndTest -->
    </test> <!-- Test -->
  </suite> <!-- Suite -->
</testng-results>
